<?xml version="1.0" encoding="UTF-8"?>
<testsuite name="Autenticación en Saucedemo" tests="1" skipped="0" failures="0" errors="0" timestamp="2020-09-15T01:44:57" hostname="DESKTOP-SL5O6ME" time="11.278">
  <properties/>
  <testcase name="Autenticacion exitosa en Saucedemo." classname="Autenticación en Saucedemo" time="11.278"/>
  <system-out><![CDATA[2-When
3-Then
]]></system-out>
  <system-err><![CDATA[sep 14, 2020 8:44:58 PM org.openqa.selenium.remote.DesiredCapabilities chrome
INFORMACIÓN: Using `new ChromeOptions()` is preferred to `DesiredCapabilities.chrome()`
Starting ChromeDriver 84.0.4147.30 (48b3e868b4cc0aa7e8149519690b6f6949e110a8-refs/branch-heads/4147@{#310}) on port 16569
Only local connections are allowed.
Please see https://chromedriver.chromium.org/security-considerations for suggestions on keeping ChromeDriver safe.
ChromeDriver was started successfully.
[1600134300.753][WARNING]: This version of ChromeDriver has not been tested with Chrome version 85.
sep 14, 2020 8:45:02 PM org.openqa.selenium.remote.ProtocolHandshake createSession
INFORMACIÓN: Detected dialect: W3C
9885 [Test worker] INFO net.thucydides.core.steps.ConsoleLoggingListener - 
        __    _____ _____ ____ _____   ____   _    ____  ____  _____ ____  
  _     \ \  |_   _| ____/ ___|_   _| |  _ \ / \  / ___|/ ___|| ____|  _ \ 
 (_)_____| |   | | |  _| \___ \ | |   | |_) / _ \ \___ \\___ \|  _| | | | |
  _|_____| |   | | | |___ ___) || |   |  __/ ___ \ ___) |___) | |___| |_| |
 (_)     | |   |_| |_____|____/ |_|   |_| /_/   \_\____/|____/|_____|____/ 
        /_/                                                                

TEST PASSED: Autenticacion exitosa en Saucedemo.
----------------------------------------------------------------------------
log4j:WARN No appenders could be found for logger (freemarker.cache).
log4j:WARN Please initialize the log4j system properly.
log4j:WARN See http://logging.apache.org/log4j/1.2/faq.html#noconfig for more info.
]]></system-err>
</testsuite>
